<?xml version="1.0" encoding="UTF-8"?>
<testng-results skipped="0" failed="0" total="1" passed="1">
  <reporter-output>
  </reporter-output>
  <suite name="Default suite" duration-ms="6131" started-at="2020-06-18T10:55:11Z" finished-at="2020-06-18T10:55:17Z">
    <groups>
    </groups>
    <test name="Default test" duration-ms="6131" started-at="2020-06-18T10:55:11Z" finished-at="2020-06-18T10:55:17Z">
      <class name="StaticJson">
        <test-method status="PASS" signature="addBook()[pri:0, instance:StaticJson@2f7c7260]" name="addBook" duration-ms="6098" started-at="2020-06-18T16:25:11Z" finished-at="2020-06-18T16:25:17Z">
          <reporter-output>
          </reporter-output>
        </test-method> <!-- addBook -->
      </class> <!-- StaticJson -->
    </test> <!-- Default test -->
  </suite> <!-- Default suite -->
</testng-results>
